<?xml version="1.0" encoding="UTF-8"?>
<!-- Generated by org.testng.reporters.JUnitXMLReporter -->
<testsuite ignored="0" hostname="LAPTOP-SH89M26V" failures="0" tests="3" name="Test1" time="37.037" errors="0" timestamp="2020-06-04T11:52:58 EEST">
  <testcase classname="Endtoend.LoginPage" name="ValidLogin" time="13.121"/>
  <testcase classname="Endtoend.LoginPage" name="ValidLogin" time="12.026"/>
  <testcase classname="Endtoend.LoginPage" name="ValidLogin" time="11.645"/>
</testsuite> <!-- Test1 -->
