<?xml version="1.0" encoding="UTF-8"?>
<!-- Generated by org.testng.reporters.JUnitXMLReporter -->
<testsuite ignored="0" hostname="LAPTOP-SH89M26V" failures="0" tests="6" name="Test" time="69.766" errors="0" timestamp="2020-06-01T20:00:52 EEST">
  <testcase classname="Endtoend.LoginPage" name="ValidLogin" time="12.321"/>
  <testcase classname="Endtoend.LoginPage" name="ValidLogin" time="11.891"/>
  <testcase classname="Endtoend.LoginPage" name="ValidLogin" time="12.214"/>
  <testcase classname="Endtoend.Homepage" name="footer" time="8.618"/>
  <testcase classname="Endtoend.Homepage" name="homePage" time="8.515"/>
  <testcase classname="Endtoend.ShoppingCartPage" name="CheckTheMessageIfCouponIsNotValid" time="15.891"/>
</testsuite> <!-- Test -->
