<?xml version="1.0" encoding="UTF-8"?>
<!-- Generated by org.testng.reporters.JUnitXMLReporter -->
<testsuite ignored="0" hostname="LAPTOP-SH89M26V" failures="0" tests="3" name="Test1" time="35.065" errors="0" timestamp="2020-06-02T16:56:36 EEST">
  <testcase classname="Endtoend.LoginPage" name="ValidLogin" time="12.181"/>
  <testcase classname="Endtoend.LoginPage" name="ValidLogin" time="10.859"/>
  <testcase classname="Endtoend.LoginPage" name="ValidLogin" time="11.813"/>
</testsuite> <!-- Test1 -->
