<?xml version="1.0" encoding="UTF-8"?>
<!-- Generated by org.testng.reporters.JUnitXMLReporter -->
<testsuite ignored="0" hostname="LAPTOP-SH89M26V" failures="1" tests="2" name="Test2" time="19.485" errors="0" timestamp="2020-06-02T16:56:56 EEST">
  <testcase classname="Endtoend.Homepage" name="footer" time="10.209">
    <failure type="junit.framework.AssertionFailedError">
      <![CDATA[junit.framework.AssertionFailedError
at junit.framework.Assert.fail(Assert.java:47)
at junit.framework.Assert.assertTrue(Assert.java:20)
at junit.framework.Assert.assertFalse(Assert.java:34)
at junit.framework.Assert.assertFalse(Assert.java:41)
at Endtoend.Homepage.footer(Homepage.java:40)
at java.base/java.util.ArrayList.forEach(ArrayList.java:1540)
... Removed 31 stack frames]]>
    </failure>
  </testcase> <!-- footer -->
  <testcase classname="Endtoend.Homepage" name="homePage" time="8.37"/>
</testsuite> <!-- Test2 -->
