<?xml version="1.0" encoding="UTF-8"?>
<!-- Generated by org.testng.reporters.JUnitXMLReporter -->
<testsuite ignored="0" hostname="LAPTOP-SH89M26V" failures="1" tests="2" name="Test2" time="17.513" errors="0" timestamp="2020-06-11T11:23:30 EEST">
  <testcase classname="Endtoend.Homepage" name="footer" time="6.713">
    <failure type="junit.framework.AssertionFailedError">
      <![CDATA[junit.framework.AssertionFailedError
at junit.framework.Assert.fail(Assert.java:55)
at junit.framework.Assert.assertTrue(Assert.java:22)
at junit.framework.Assert.assertFalse(Assert.java:39)
at junit.framework.Assert.assertFalse(Assert.java:47)
at Endtoend.Homepage.footer(Homepage.java:35)
at java.base/java.util.ArrayList.forEach(ArrayList.java:1540)
... Removed 31 stack frames]]>
    </failure>
  </testcase> <!-- footer -->
  <testcase classname="Endtoend.Homepage" name="homePage" time="9.869"/>
</testsuite> <!-- Test2 -->
