<?xml version="1.0" encoding="UTF-8"?>
<!-- Generated by org.testng.reporters.JUnitXMLReporter -->
<testsuite ignored="0" hostname="LAPTOP-SH89M26V" failures="0" tests="3" name="Test1" time="32.924" errors="0" timestamp="2020-06-11T11:23:12 EEST">
  <testcase classname="Endtoend.LoginPage" name="ValidLogin" time="10.829"/>
  <testcase classname="Endtoend.LoginPage" name="ValidLogin" time="10.714"/>
  <testcase classname="Endtoend.LoginPage" name="ValidLogin" time="11.059"/>
</testsuite> <!-- Test1 -->
