<?xml version="1.0" encoding="UTF-8"?>
<testng-results ignored="0" total="6" passed="5" failed="1" skipped="0">
  <reporter-output>
  </reporter-output>
  <suite started-at="2020-06-11T11:22:39 EEST" name="Suite" finished-at="2020-06-11T11:23:46 EEST" duration-ms="66544">
    <groups>
    </groups>
    <test started-at="2020-06-11T11:22:39 EEST" name="Test1" finished-at="2020-06-11T11:23:12 EEST" duration-ms="32924">
      <class name="Endtoend.LoginPage">
        <test-method signature="ValidLogin(java.lang.String, java.lang.String)[pri:0, instance:Endtoend.LoginPage@68878f6d]" started-at="2020-06-11T11:22:39 EEST" name="ValidLogin" data-provider="getData" finished-at="2020-06-11T11:22:50 EEST" duration-ms="10829" status="PASS">
          <params>
            <param index="0">
              <value>
                <![CDATA[preferred@user.com]]>
              </value>
            </param>
            <param index="1">
              <value>
                <![CDATA[]]>
              </value>
            </param>
          </params>
          <reporter-output>
          </reporter-output>
        </test-method> <!-- ValidLogin -->
        <test-method is-config="true" signature="close()[pri:0, instance:Endtoend.LoginPage@68878f6d]" started-at="2020-06-11T11:22:50 EEST" name="close" finished-at="2020-06-11T11:22:50 EEST" duration-ms="68" status="PASS">
          <reporter-output>
          </reporter-output>
        </test-method> <!-- close -->
        <test-method signature="ValidLogin(java.lang.String, java.lang.String)[pri:0, instance:Endtoend.LoginPage@68878f6d]" started-at="2020-06-11T11:22:50 EEST" name="ValidLogin" data-provider="getData" finished-at="2020-06-11T11:23:01 EEST" duration-ms="10714" status="PASS">
          <params>
            <param index="0">
              <value>
                <![CDATA[]]>
              </value>
            </param>
            <param index="1">
              <value>
                <![CDATA[12341234]]>
              </value>
            </param>
          </params>
          <reporter-output>
          </reporter-output>
        </test-method> <!-- ValidLogin -->
        <test-method is-config="true" signature="close()[pri:0, instance:Endtoend.LoginPage@68878f6d]" started-at="2020-06-11T11:23:01 EEST" name="close" finished-at="2020-06-11T11:23:01 EEST" duration-ms="57" status="PASS">
          <reporter-output>
          </reporter-output>
        </test-method> <!-- close -->
        <test-method signature="ValidLogin(java.lang.String, java.lang.String)[pri:0, instance:Endtoend.LoginPage@68878f6d]" started-at="2020-06-11T11:23:01 EEST" name="ValidLogin" data-provider="getData" finished-at="2020-06-11T11:23:12 EEST" duration-ms="11059" status="PASS">
          <params>
            <param index="0">
              <value>
                <![CDATA[preferred@user.com]]>
              </value>
            </param>
            <param index="1">
              <value>
                <![CDATA[12341234]]>
              </value>
            </param>
          </params>
          <reporter-output>
          </reporter-output>
        </test-method> <!-- ValidLogin -->
        <test-method is-config="true" signature="close()[pri:0, instance:Endtoend.LoginPage@68878f6d]" started-at="2020-06-11T11:23:12 EEST" name="close" finished-at="2020-06-11T11:23:12 EEST" duration-ms="69" status="PASS">
          <reporter-output>
          </reporter-output>
        </test-method> <!-- close -->
      </class> <!-- Endtoend.LoginPage -->
    </test> <!-- Test1 -->
    <test started-at="2020-06-11T11:23:12 EEST" name="Test2" finished-at="2020-06-11T11:23:30 EEST" duration-ms="17513">
      <class name="Endtoend.Homepage">
        <test-method signature="footer()[pri:0, instance:Endtoend.Homepage@4808bc9b]" started-at="2020-06-11T11:23:12 EEST" name="footer" finished-at="2020-06-11T11:23:19 EEST" duration-ms="6713" status="FAIL">
          <exception class="junit.framework.AssertionFailedError">
            <full-stacktrace>
              <![CDATA[junit.framework.AssertionFailedError
at junit.framework.Assert.fail(Assert.java:55)
at junit.framework.Assert.assertTrue(Assert.java:22)
at junit.framework.Assert.assertFalse(Assert.java:39)
at junit.framework.Assert.assertFalse(Assert.java:47)
at Endtoend.Homepage.footer(Homepage.java:35)
at java.base/jdk.internal.reflect.NativeMethodAccessorImpl.invoke0(Native Method)
at java.base/jdk.internal.reflect.NativeMethodAccessorImpl.invoke(NativeMethodAccessorImpl.java:62)
at java.base/jdk.internal.reflect.DelegatingMethodAccessorImpl.invoke(DelegatingMethodAccessorImpl.java:43)
at java.base/java.lang.reflect.Method.invoke(Method.java:566)
at org.testng.internal.MethodInvocationHelper.invokeMethod(MethodInvocationHelper.java:134)
at org.testng.internal.TestInvoker.invokeMethod(TestInvoker.java:597)
at org.testng.internal.TestInvoker.invokeTestMethod(TestInvoker.java:173)
at org.testng.internal.MethodRunner.runInSequence(MethodRunner.java:46)
at org.testng.internal.TestInvoker$MethodInvocationAgent.invoke(TestInvoker.java:816)
at org.testng.internal.TestInvoker.invokeTestMethods(TestInvoker.java:146)
at org.testng.internal.TestMethodWorker.invokeTestMethods(TestMethodWorker.java:146)
at org.testng.internal.TestMethodWorker.run(TestMethodWorker.java:128)
at java.base/java.util.ArrayList.forEach(ArrayList.java:1540)
at org.testng.TestRunner.privateRun(TestRunner.java:766)
at org.testng.TestRunner.run(TestRunner.java:587)
at org.testng.SuiteRunner.runTest(SuiteRunner.java:384)
at org.testng.SuiteRunner.runSequentially(SuiteRunner.java:378)
at org.testng.SuiteRunner.privateRun(SuiteRunner.java:337)
at org.testng.SuiteRunner.run(SuiteRunner.java:286)
at org.testng.SuiteRunnerWorker.runSuite(SuiteRunnerWorker.java:53)
at org.testng.SuiteRunnerWorker.run(SuiteRunnerWorker.java:96)
at org.testng.TestNG.runSuitesSequentially(TestNG.java:1187)
at org.testng.TestNG.runSuitesLocally(TestNG.java:1109)
at org.testng.TestNG.runSuites(TestNG.java:1039)
at org.testng.TestNG.run(TestNG.java:1007)
at org.apache.maven.surefire.testng.TestNGExecutor.run(TestNGExecutor.java:283)
at org.apache.maven.surefire.testng.TestNGXmlTestSuite.execute(TestNGXmlTestSuite.java:75)
at org.apache.maven.surefire.testng.TestNGProvider.invoke(TestNGProvider.java:120)
at org.apache.maven.surefire.booter.ForkedBooter.runSuitesInProcess(ForkedBooter.java:377)
at org.apache.maven.surefire.booter.ForkedBooter.execute(ForkedBooter.java:138)
at org.apache.maven.surefire.booter.ForkedBooter.run(ForkedBooter.java:465)
at org.apache.maven.surefire.booter.ForkedBooter.main(ForkedBooter.java:451)
]]>
            </full-stacktrace>
          </exception> <!-- junit.framework.AssertionFailedError -->
          <reporter-output>
          </reporter-output>
        </test-method> <!-- footer -->
        <test-method is-config="true" signature="close1()[pri:0, instance:Endtoend.Homepage@4808bc9b]" started-at="2020-06-11T11:23:20 EEST" name="close1" finished-at="2020-06-11T11:23:20 EEST" duration-ms="64" status="PASS">
          <reporter-output>
          </reporter-output>
        </test-method> <!-- close1 -->
        <test-method signature="homePage()[pri:0, instance:Endtoend.Homepage@4808bc9b]" started-at="2020-06-11T11:23:20 EEST" name="homePage" finished-at="2020-06-11T11:23:30 EEST" duration-ms="9869" status="PASS">
          <reporter-output>
          </reporter-output>
        </test-method> <!-- homePage -->
        <test-method is-config="true" signature="close1()[pri:0, instance:Endtoend.Homepage@4808bc9b]" started-at="2020-06-11T11:23:30 EEST" name="close1" finished-at="2020-06-11T11:23:30 EEST" duration-ms="74" status="PASS">
          <reporter-output>
          </reporter-output>
        </test-method> <!-- close1 -->
      </class> <!-- Endtoend.Homepage -->
    </test> <!-- Test2 -->
    <test started-at="2020-06-11T11:23:30 EEST" name="Test3" finished-at="2020-06-11T11:23:46 EEST" duration-ms="16040">
      <class name="Endtoend.ShoppingCartPage">
        <test-method signature="CheckTheMessageIfCouponIsNotValid()[pri:0, instance:Endtoend.ShoppingCartPage@51bf5add]" started-at="2020-06-11T11:23:30 EEST" name="CheckTheMessageIfCouponIsNotValid" finished-at="2020-06-11T11:23:46 EEST" duration-ms="15973" status="PASS">
          <reporter-output>
          </reporter-output>
        </test-method> <!-- CheckTheMessageIfCouponIsNotValid -->
        <test-method is-config="true" signature="close3()[pri:0, instance:Endtoend.ShoppingCartPage@51bf5add]" started-at="2020-06-11T11:23:46 EEST" name="close3" finished-at="2020-06-11T11:23:46 EEST" duration-ms="63" status="PASS">
          <reporter-output>
          </reporter-output>
        </test-method> <!-- close3 -->
      </class> <!-- Endtoend.ShoppingCartPage -->
    </test> <!-- Test3 -->
  </suite> <!-- Suite -->
</testng-results>
