<?xml version="1.0" encoding="UTF-8"?>
<testsuite xmlns:xsi="http://www.w3.org/2001/XMLSchema-instance" xsi:noNamespaceSchemaLocation="https://maven.apache.org/surefire/maven-surefire-plugin/xsd/surefire-test-report-3.0.xsd" version="3.0" name="TestSuite" time="67.452" tests="6" errors="0" skipped="0" failures="1">
  <properties>
[...]
</properties>
  <testcase name="ValidLogin" classname="Endtoend.LoginPage" time="10.832"/>
  <testcase name="ValidLogin" classname="Endtoend.LoginPage" time="10.714"/>
  <testcase name="ValidLogin" classname="Endtoend.LoginPage" time="11.06"/>
  <testcase name="footer" classname="Endtoend.Homepage" time="6.718">
    <failure type="junit.framework.AssertionFailedError"><![CDATA[junit.framework.AssertionFailedError
	at Endtoend.Homepage.footer(Homepage.java:35)
]]></failure>
    <system-err><![CDATA[Starting ChromeDriver 83.0.4103.39 (ccbf011cb2d2b19b506d844400483861342c20cd-refs/branch-heads/4103@{#416}) on port 21197
Only local connections are allowed.
Please see https://chromedriver.chromium.org/security-considerations for suggestions on keeping ChromeDriver safe.
ChromeDriver was started successfully.
Jun 11, 2020 11:23:14 AM org.openqa.selenium.remote.ProtocolHandshake createSession
INFO: Detected dialect: W3C
]]></system-err>
  </testcase>
  <testcase name="homePage" classname="Endtoend.Homepage" time="9.871"/>
  <testcase name="CheckTheMessageIfCouponIsNotValid" classname="Endtoend.ShoppingCartPage" time="15.973"/>
</testsuite>