<?xml version="1.0" encoding="UTF-8"?>
<testsuite xmlns:xsi="http://www.w3.org/2001/XMLSchema-instance" xsi:noNamespaceSchemaLocation="https://maven.apache.org/surefire/maven-surefire-plugin/xsd/surefire-test-report-3.0.xsd" version="3.0" name="TestSuite" time="71.368" tests="6" errors="0" skipped="0" failures="1">
  <properties>
[...]
</properties>
  <testcase name="ValidLogin" classname="Endtoend.LoginPage" time="12.182"/>
  <testcase name="ValidLogin" classname="Endtoend.LoginPage" time="10.859"/>
  <testcase name="ValidLogin" classname="Endtoend.LoginPage" time="11.812"/>
  <testcase name="footer" classname="Endtoend.Homepage" time="10.213">
    <failure type="junit.framework.AssertionFailedError"><![CDATA[junit.framework.AssertionFailedError
	at Endtoend.Homepage.footer(Homepage.java:40)
]]></failure>
    <system-err><![CDATA[Starting ChromeDriver 83.0.4103.39 (ccbf011cb2d2b19b506d844400483861342c20cd-refs/branch-heads/4103@{#416}) on port 38827
Only local connections are allowed.
Please see https://chromedriver.chromium.org/security-considerations for suggestions on keeping ChromeDriver safe.
ChromeDriver was started successfully.
Jun 02, 2020 4:56:38 PM org.openqa.selenium.remote.ProtocolHandshake createSession
INFO: Detected dialect: W3C
]]></system-err>
  </testcase>
  <testcase name="homePage" classname="Endtoend.Homepage" time="8.37"/>
  <testcase name="CheckTheMessageIfCouponIsNotValid" classname="Endtoend.ShoppingCartPage" time="15.963"/>
</testsuite>