<?xml version="1.0" encoding="UTF-8"?>
<testng-results ignored="0" total="6" passed="5" failed="1" skipped="0">
  <reporter-output>
  </reporter-output>
  <suite started-at="2020-06-04T11:52:21 EEST" name="Suite" finished-at="2020-06-04T11:53:30 EEST" duration-ms="69573">
    <groups>
    </groups>
    <test started-at="2020-06-04T11:52:21 EEST" name="Test1" finished-at="2020-06-04T11:52:58 EEST" duration-ms="37037">
      <class name="Endtoend.LoginPage">
        <test-method signature="ValidLogin(java.lang.String, java.lang.String)[pri:0, instance:Endtoend.LoginPage@4d465b11]" started-at="2020-06-04T11:52:21 EEST" name="ValidLogin" data-provider="getData" finished-at="2020-06-04T11:52:34 EEST" duration-ms="13121" status="PASS">
          <params>
            <param index="0">
              <value>
                <![CDATA[preferred@user.com]]>
              </value>
            </param>
            <param index="1">
              <value>
                <![CDATA[]]>
              </value>
            </param>
          </params>
          <reporter-output>
          </reporter-output>
        </test-method> <!-- ValidLogin -->
        <test-method is-config="true" signature="close()[pri:0, instance:Endtoend.LoginPage@4d465b11]" started-at="2020-06-04T11:52:34 EEST" name="close" finished-at="2020-06-04T11:52:34 EEST" duration-ms="76" status="PASS">
          <reporter-output>
          </reporter-output>
        </test-method> <!-- close -->
        <test-method signature="ValidLogin(java.lang.String, java.lang.String)[pri:0, instance:Endtoend.LoginPage@4d465b11]" started-at="2020-06-04T11:52:34 EEST" name="ValidLogin" data-provider="getData" finished-at="2020-06-04T11:52:46 EEST" duration-ms="12026" status="PASS">
          <params>
            <param index="0">
              <value>
                <![CDATA[]]>
              </value>
            </param>
            <param index="1">
              <value>
                <![CDATA[12341234]]>
              </value>
            </param>
          </params>
          <reporter-output>
          </reporter-output>
        </test-method> <!-- ValidLogin -->
        <test-method is-config="true" signature="close()[pri:0, instance:Endtoend.LoginPage@4d465b11]" started-at="2020-06-04T11:52:46 EEST" name="close" finished-at="2020-06-04T11:52:46 EEST" duration-ms="59" status="PASS">
          <reporter-output>
          </reporter-output>
        </test-method> <!-- close -->
        <test-method signature="ValidLogin(java.lang.String, java.lang.String)[pri:0, instance:Endtoend.LoginPage@4d465b11]" started-at="2020-06-04T11:52:46 EEST" name="ValidLogin" data-provider="getData" finished-at="2020-06-04T11:52:58 EEST" duration-ms="11645" status="PASS">
          <params>
            <param index="0">
              <value>
                <![CDATA[preferred@user.com]]>
              </value>
            </param>
            <param index="1">
              <value>
                <![CDATA[12341234]]>
              </value>
            </param>
          </params>
          <reporter-output>
          </reporter-output>
        </test-method> <!-- ValidLogin -->
        <test-method is-config="true" signature="close()[pri:0, instance:Endtoend.LoginPage@4d465b11]" started-at="2020-06-04T11:52:58 EEST" name="close" finished-at="2020-06-04T11:52:58 EEST" duration-ms="64" status="PASS">
          <reporter-output>
          </reporter-output>
        </test-method> <!-- close -->
      </class> <!-- Endtoend.LoginPage -->
    </test> <!-- Test1 -->
    <test started-at="2020-06-04T11:52:58 EEST" name="Test2" finished-at="2020-06-04T11:53:14 EEST" duration-ms="16479">
      <class name="Endtoend.Homepage">
        <test-method signature="footer()[pri:0, instance:Endtoend.Homepage@74751b3]" started-at="2020-06-04T11:52:58 EEST" name="footer" finished-at="2020-06-04T11:53:04 EEST" duration-ms="6258" status="FAIL">
          <exception class="junit.framework.AssertionFailedError">
            <full-stacktrace>
              <![CDATA[junit.framework.AssertionFailedError
at junit.framework.Assert.fail(Assert.java:47)
at junit.framework.Assert.assertTrue(Assert.java:20)
at junit.framework.Assert.assertFalse(Assert.java:34)
at junit.framework.Assert.assertFalse(Assert.java:41)
at Endtoend.Homepage.footer(Homepage.java:40)
at java.base/jdk.internal.reflect.NativeMethodAccessorImpl.invoke0(Native Method)
at java.base/jdk.internal.reflect.NativeMethodAccessorImpl.invoke(NativeMethodAccessorImpl.java:62)
at java.base/jdk.internal.reflect.DelegatingMethodAccessorImpl.invoke(DelegatingMethodAccessorImpl.java:43)
at java.base/java.lang.reflect.Method.invoke(Method.java:566)
at org.testng.internal.MethodInvocationHelper.invokeMethod(MethodInvocationHelper.java:134)
at org.testng.internal.TestInvoker.invokeMethod(TestInvoker.java:597)
at org.testng.internal.TestInvoker.invokeTestMethod(TestInvoker.java:173)
at org.testng.internal.MethodRunner.runInSequence(MethodRunner.java:46)
at org.testng.internal.TestInvoker$MethodInvocationAgent.invoke(TestInvoker.java:816)
at org.testng.internal.TestInvoker.invokeTestMethods(TestInvoker.java:146)
at org.testng.internal.TestMethodWorker.invokeTestMethods(TestMethodWorker.java:146)
at org.testng.internal.TestMethodWorker.run(TestMethodWorker.java:128)
at java.base/java.util.ArrayList.forEach(ArrayList.java:1540)
at org.testng.TestRunner.privateRun(TestRunner.java:766)
at org.testng.TestRunner.run(TestRunner.java:587)
at org.testng.SuiteRunner.runTest(SuiteRunner.java:384)
at org.testng.SuiteRunner.runSequentially(SuiteRunner.java:378)
at org.testng.SuiteRunner.privateRun(SuiteRunner.java:337)
at org.testng.SuiteRunner.run(SuiteRunner.java:286)
at org.testng.SuiteRunnerWorker.runSuite(SuiteRunnerWorker.java:53)
at org.testng.SuiteRunnerWorker.run(SuiteRunnerWorker.java:96)
at org.testng.TestNG.runSuitesSequentially(TestNG.java:1187)
at org.testng.TestNG.runSuitesLocally(TestNG.java:1109)
at org.testng.TestNG.runSuites(TestNG.java:1039)
at org.testng.TestNG.run(TestNG.java:1007)
at org.testng.remote.AbstractRemoteTestNG.run(AbstractRemoteTestNG.java:115)
at org.testng.remote.RemoteTestNG.initAndRun(RemoteTestNG.java:251)
at org.testng.remote.RemoteTestNG.main(RemoteTestNG.java:77)
]]>
            </full-stacktrace>
          </exception> <!-- junit.framework.AssertionFailedError -->
          <reporter-output>
          </reporter-output>
        </test-method> <!-- footer -->
        <test-method is-config="true" signature="close1()[pri:0, instance:Endtoend.Homepage@74751b3]" started-at="2020-06-04T11:53:05 EEST" name="close1" finished-at="2020-06-04T11:53:05 EEST" duration-ms="59" status="PASS">
          <reporter-output>
          </reporter-output>
        </test-method> <!-- close1 -->
        <test-method signature="homePage()[pri:0, instance:Endtoend.Homepage@74751b3]" started-at="2020-06-04T11:53:05 EEST" name="homePage" finished-at="2020-06-04T11:53:14 EEST" duration-ms="9350" status="PASS">
          <reporter-output>
          </reporter-output>
        </test-method> <!-- homePage -->
        <test-method is-config="true" signature="close1()[pri:0, instance:Endtoend.Homepage@74751b3]" started-at="2020-06-04T11:53:14 EEST" name="close1" finished-at="2020-06-04T11:53:14 EEST" duration-ms="33" status="PASS">
          <reporter-output>
          </reporter-output>
        </test-method> <!-- close1 -->
      </class> <!-- Endtoend.Homepage -->
    </test> <!-- Test2 -->
    <test started-at="2020-06-04T11:53:14 EEST" name="Test3" finished-at="2020-06-04T11:53:30 EEST" duration-ms="15960">
      <class name="Endtoend.ShoppingCartPage">
        <test-method signature="CheckTheMessageIfCouponIsNotValid()[pri:0, instance:Endtoend.ShoppingCartPage@6392827e]" started-at="2020-06-04T11:53:14 EEST" name="CheckTheMessageIfCouponIsNotValid" finished-at="2020-06-04T11:53:30 EEST" duration-ms="15905" status="PASS">
          <reporter-output>
          </reporter-output>
        </test-method> <!-- CheckTheMessageIfCouponIsNotValid -->
        <test-method is-config="true" signature="close3()[pri:0, instance:Endtoend.ShoppingCartPage@6392827e]" started-at="2020-06-04T11:53:30 EEST" name="close3" finished-at="2020-06-04T11:53:30 EEST" duration-ms="52" status="PASS">
          <reporter-output>
          </reporter-output>
        </test-method> <!-- close3 -->
      </class> <!-- Endtoend.ShoppingCartPage -->
    </test> <!-- Test3 -->
  </suite> <!-- Suite -->
</testng-results>
